# JRE version: Java(TM) SE Runtime Environment (10.0+46) (build 10+46)
# Java VM: Java HotSpot(TM) 64-Bit Server VM (10+46, mixed mode, tiered, compressed oops, g1 gc, windows-amd64)
Heap:
 garbage-first heap   total 131072K, used 52801K [0x0000000081a00000, 0x0000000100000000)
  region size 1024K, 35 young (35840K), 6 survivors (6144K)
 Metaspace       used 52349K, capacity 53676K, committed 54096K, reserved 1097728K
  class space    used 5854K, capacity 6379K, committed 6480K, reserved 1048576K
GC Heap History (10 events):
Event: 4.962 GC heap before
{Heap before GC invocations=5 (full 0):
 garbage-first heap   total 131072K, used 54479K [0x0000000081a00000, 0x0000000100000000)
  region size 1024K, 48 young (49152K), 3 survivors (3072K)
 Metaspace       used 28358K, capacity 28886K, committed 29184K, reserved 1075200K
  class space    used 3040K, capacity 3253K, committed 3328K, reserved 1048576K
}
Event: 4.970 GC heap after
{Heap after GC invocations=6 (full 0):
 garbage-first heap   total 131072K, used 9059K [0x0000000081a00000, 0x0000000100000000)
  region size 1024K, 4 young (4096K), 4 survivors (4096K)
 Metaspace       used 28358K, capacity 28886K, committed 29184K, reserved 1075200K
  class space    used 3040K, capacity 3253K, committed 3328K, reserved 1048576K
}
Event: 7.696 GC heap before
{Heap before GC invocations=6 (full 0):
 garbage-first heap   total 131072K, used 82787K [0x0000000081a00000, 0x0000000100000000)
  region size 1024K, 76 young (77824K), 4 survivors (4096K)
 Metaspace       used 30476K, capacity 31118K, committed 31488K, reserved 1077248K
  class space    used 3268K, capacity 3536K, committed 3584K, reserved 1048576K
}
Event: 7.707 GC heap after
{Heap after GC invocations=7 (full 0):
 garbage-first heap   total 131072K, used 11071K [0x0000000081a00000, 0x0000000100000000)
  region size 1024K, 6 young (6144K), 6 survivors (6144K)
 Metaspace       used 30476K, capacity 31118K, committed 31488K, reserved 1077248K
  class space    used 3268K, capacity 3536K, committed 3584K, reserved 1048576K
}
Event: 9.273 GC heap before
{Heap before GC invocations=7 (full 0):
 garbage-first heap   total 131072K, used 46911K [0x0000000081a00000, 0x0000000100000000)
  region size 1024K, 42 young (43008K), 6 survivors (6144K)
 Metaspace       used 35099K, capacity 35809K, committed 35920K, reserved 1081344K
  class space    used 3834K, capacity 4117K, committed 4176K, reserved 1048576K
}
Event: 9.285 GC heap after
{Heap after GC invocations=8 (full 0):
 garbage-first heap   total 131072K, used 12703K [0x0000000081a00000, 0x0000000100000000)
  region size 1024K, 6 young (6144K), 6 survivors (6144K)
 Metaspace       used 35099K, capacity 35809K, committed 35920K, reserved 1081344K
  class space    used 3834K, capacity 4117K, committed 4176K, reserved 1048576K
}
Event: 11.395 GC heap before
{Heap before GC invocations=9 (full 0):
 garbage-first heap   total 131072K, used 84383K [0x0000000081a00000, 0x0000000100000000)
  region size 1024K, 76 young (77824K), 6 survivors (6144K)
 Metaspace       used 41781K, capacity 42826K, committed 42960K, reserved 1087488K
  class space    used 4624K, capacity 5015K, committed 5072K, reserved 1048576K
}
Event: 11.414 GC heap after
{Heap after GC invocations=10 (full 0):
 garbage-first heap   total 131072K, used 17460K [0x0000000081a00000, 0x0000000100000000)
  region size 1024K, 10 young (10240K), 10 survivors (10240K)
 Metaspace       used 41781K, capacity 42826K, committed 42960K, reserved 1087488K
  class space    used 4624K, capacity 5015K, committed 5072K, reserved 1048576K
}
Event: 21.783 GC heap before
{Heap before GC invocations=10 (full 0):
 garbage-first heap   total 131072K, used 85044K [0x0000000081a00000, 0x0000000100000000)
  region size 1024K, 76 young (77824K), 10 survivors (10240K)
 Metaspace       used 45630K, capacity 46874K, committed 47184K, reserved 1091584K
  class space    used 5156K, capacity 5649K, committed 5712K, reserved 1048576K
}
Event: 21.808 GC heap after
{Heap after GC invocations=11 (full 0):
 garbage-first heap   total 131072K, used 22081K [0x0000000081a00000, 0x0000000100000000)
  region size 1024K, 6 young (6144K), 6 survivors (6144K)
 Metaspace       used 45630K, capacity 46874K, committed 47184K, reserved 1091584K
  class space    used 5156K, capacity 5649K, committed 5712K, reserved 1048576K
}

